1.000000 0.777256 -34.778728 
2.000000 0.516627 -55.500202 
3.000000 0.368217 -67.267502 
4.000000 0.285937 -70.372810 
5.000000 0.232228 -74.552361 
6.000000 0.198052 -73.096115 
7.000000 0.169253 -75.481590 
8.000000 0.152321 -77.140450 
9.000000 0.136254 -75.604530 
10.000000 0.132551 -72.278008 
11.000000 0.129402 -75.099625 
12.000000 0.116239 -76.844490 
13.000000 0.108359 -77.550522 
14.000000 0.104604 -78.830238 
15.000000 0.100288 -79.608055 
16.000000 0.094347 -79.746727 
17.000000 0.090767 -82.453903 
18.000000 0.088173 -84.409340 
19.000000 0.086285 -79.697929 
20.000000 0.085534 -77.231842 
21.000000 0.084770 -77.467216 
22.000000 0.083042 -77.645058 
23.000000 0.081372 -80.629028 
24.000000 0.081332 -83.185059 
25.000000 0.081465 -84.222412 
26.000000 0.081301 -84.789635 
27.000000 0.082829 -86.166946 
28.000000 0.084485 -87.327133 
29.000000 0.084577 -86.026787 
30.000000 0.083835 -85.185806 
31.000000 0.083278 -85.976814 
32.000000 0.082101 -87.459778 
33.000000 0.080708 -88.173233 
34.000000 0.081880 -87.887405 
35.000000 0.082867 -89.157799 
36.000000 0.081629 -94.356430 
37.000000 0.085695 -98.110992 
38.000000 0.091415 -97.443718 
39.000000 0.095663 -87.903740 
40.000000 0.099333 -87.380219 
41.000000 0.100219 -91.241074 
42.000000 0.093188 -101.039322 
43.000000 0.093200 -104.405632 
44.000000 0.097596 -106.015419 
45.000000 0.100892 -107.830406 
46.000000 0.107287 -111.188721 
47.000000 0.110606 -119.409027 
48.000000 0.103378 -118.072166 
49.000000 0.105942 -111.375107 
50.000000 0.111205 -114.433685 
