50.000000 0.102615 -106.355743 
51.000000 0.100003 -112.455200 
52.000000 0.104048 -114.718712 
53.000000 0.114648 -119.715927 
54.000000 0.121478 -118.825897 
55.000000 0.130306 -104.449814 
56.000000 0.126166 -109.070747 
57.000000 0.115339 -115.038719 
58.000000 0.114792 -122.637329 
59.000000 0.121011 -125.176712 
60.000000 0.130689 -127.759003 
61.000000 0.142537 -131.836914 
62.000000 0.136274 -138.870300 
63.000000 0.124178 -146.531891 
64.000000 0.124461 -141.198395 
65.000000 0.134531 -129.330597 
66.000000 0.144416 -133.945908 
67.000000 0.149550 -142.455032 
68.000000 0.136462 -154.916916 
69.000000 0.119991 -154.554199 
70.000000 0.124204 -155.581635 
71.000000 0.130990 -160.607834 
72.000000 0.137875 -168.694534 
73.000000 0.145454 -178.817841 
74.000000 0.132810 -173.516113 
75.000000 0.122948 -155.235947 
76.000000 0.124716 -154.549835 
77.000000 0.126051 -166.282043 
78.000000 0.130579 -177.987885 
79.000000 0.134504 174.265930 
80.000000 0.126367 171.906631 
81.000000 0.114842 177.412308 
82.000000 0.118668 170.834122 
83.000000 0.121578 167.702652 
84.000000 0.124618 -174.228424 
85.000000 0.126184 -179.066406 
86.000000 0.119140 179.288010 
87.000000 0.109527 171.579926 
88.000000 0.111518 168.450287 
89.000000 0.114226 163.294418 
90.000000 0.115826 157.041977 
91.000000 0.115799 149.777954 
92.000000 0.110955 142.656830 
93.000000 0.101029 162.077393 
94.000000 0.107101 -178.467117 
95.000000 0.106944 176.798813 
96.000000 0.105856 166.804657 
97.000000 0.106207 148.287323 
98.000000 0.104423 143.944321 
99.000000 0.098996 151.865662 
