1.000000 0.788250 -34.594521 
2.000000 0.554585 -52.340641 
3.000000 0.403988 -62.204212 
4.000000 0.309045 -69.400276 
5.000000 0.251516 -70.146835 
6.000000 0.206178 -76.764763 
7.000000 0.178361 -80.267944 
8.000000 0.148090 -87.341133 
9.000000 0.121522 -93.645348 
10.000000 0.101901 -102.041702 
11.000000 0.085955 -111.691772 
12.000000 0.073147 -118.392311 
13.000000 0.062889 -123.695808 
14.000000 0.056079 -127.328606 
15.000000 0.049559 -130.611053 
16.000000 0.043929 -134.987549 
17.000000 0.039493 -139.242447 
18.000000 0.035662 -143.365707 
19.000000 0.032106 -145.427216 
20.000000 0.028418 -144.511444 
21.000000 0.025125 -138.709808 
22.000000 0.021741 -135.086288 
23.000000 0.027358 -121.965271 
24.000000 0.033593 -136.223297 
25.000000 0.031040 -143.978607 
26.000000 0.028355 -154.072510 
27.000000 0.026132 -156.916367 
28.000000 0.024081 -153.232407 
29.000000 0.022819 -153.908173 
30.000000 0.022091 -156.759827 
