1.000000 0.783614 -34.928753 
2.000000 0.518929 -55.759514 
3.000000 0.370514 -67.493851 
4.000000 0.287246 -70.314194 
5.000000 0.234262 -74.908066 
6.000000 0.199411 -76.529823 
7.000000 0.174065 -78.318741 
8.000000 0.155796 -79.949661 
9.000000 0.141218 -80.259285 
10.000000 0.129600 -78.565460 
11.000000 0.120219 -78.935791 
12.000000 0.111997 -79.487122 
13.000000 0.104402 -80.450439 
14.000000 0.098287 -82.490814 
15.000000 0.092887 -83.379456 
16.000000 0.088145 -83.479630 
17.000000 0.083851 -84.413498 
18.000000 0.081411 -85.352020 
19.000000 0.077375 -86.244125 
20.000000 0.072259 -82.347824 
21.000000 0.064745 -78.647217 
22.000000 0.060318 -60.501606 
23.000000 0.100941 -58.196259 
24.000000 0.104953 -74.621674 
25.000000 0.094659 -82.522064 
26.000000 0.087720 -87.375175 
27.000000 0.084635 -90.993103 
28.000000 0.084658 -93.179176 
29.000000 0.083110 -89.343781 
30.000000 0.082437 -83.602966 
31.000000 0.082580 -84.189384 
32.000000 0.080819 -89.630959 
33.000000 0.078138 -93.417328 
34.000000 0.078105 -94.860207 
35.000000 0.078751 -94.958260 
36.000000 0.081094 -95.761368 
37.000000 0.082543 -100.448334 
38.000000 0.082037 -106.390656 
39.000000 0.081172 -97.220116 
40.000000 0.082011 -95.974403 
41.000000 0.082580 -96.526512 
42.000000 0.080133 -99.457352 
43.000000 0.075483 -104.070976 
44.000000 0.070398 -108.518280 
45.000000 0.070023 -107.078239 
46.000000 0.070707 -103.640854 
47.000000 0.075851 -98.603729 
48.000000 0.092516 -90.998665 
49.000000 0.107868 -82.954674 
50.000000 0.119790 -86.251831 
