1.000000 0.765155 -36.380737 
2.000000 0.506165 -56.610054 
3.000000 0.365311 -68.562767 
4.000000 0.283908 -72.360268 
5.000000 0.231636 -75.113937 
6.000000 0.196462 -74.703575 
7.000000 0.169994 -76.920616 
8.000000 0.152113 -77.998604 
9.000000 0.137196 -79.681412 
10.000000 0.126344 -80.181480 
11.000000 0.117120 -81.277786 
12.000000 0.110091 -81.925240 
13.000000 0.105188 -82.662102 
14.000000 0.100561 -83.195206 
15.000000 0.096211 -82.501404 
16.000000 0.092815 -82.373520 
17.000000 0.087749 -82.176819 
18.000000 0.083101 -82.536911 
19.000000 0.078071 -82.480896 
20.000000 0.071293 -81.774742 
21.000000 0.061829 -82.204514 
22.000000 0.055943 -67.242378 
23.000000 0.102287 -59.674255 
24.000000 0.108223 -80.162834 
25.000000 0.098907 -79.133789 
26.000000 0.093646 -81.193161 
27.000000 0.089650 -84.718651 
28.000000 0.083737 -88.386993 
29.000000 0.081157 -88.864426 
30.000000 0.079951 -89.276443 
31.000000 0.080091 -88.420563 
32.000000 0.082126 -90.068924 
33.000000 0.083987 -95.792603 
34.000000 0.082334 -96.711411 
35.000000 0.082523 -88.555634 
36.000000 0.084594 -87.665764 
37.000000 0.085606 -88.909439 
38.000000 0.082836 -91.428757 
39.000000 0.079764 -96.269531 
40.000000 0.077456 -100.874725 
41.000000 0.078260 -100.990257 
42.000000 0.080120 -101.349480 
43.000000 0.082875 -102.486038 
44.000000 0.084643 -102.660698 
45.000000 0.081372 -95.425774 
46.000000 0.076651 -94.794060 
47.000000 0.072837 -97.522514 
48.000000 0.071406 -95.514946 
49.000000 0.075371 -84.597946 
50.000000 0.094707 -74.749817 
51.000000 0.109080 -79.546867 
52.000000 0.118794 -90.402939 
53.000000 0.136571 -91.457275 
54.000000 0.150370 -83.349457 
55.000000 0.165175 -88.877548 
56.000000 0.169756 -95.128868 
57.000000 0.153670 -107.929260 
58.000000 0.143858 -114.924149 
59.000000 0.151317 -119.023605 
60.000000 0.158696 -123.112152 
61.000000 0.170647 -129.049911 
62.000000 0.177741 -137.779633 
63.000000 0.152132 -132.833984 
64.000000 0.147145 -125.303581 
65.000000 0.154251 -127.608101 
66.000000 0.161849 -133.275269 
67.000000 0.166741 -143.645050 
68.000000 0.163620 -151.644180 
69.000000 0.143985 -154.804352 
70.000000 0.138632 -157.599136 
71.000000 0.148001 -165.238846 
72.000000 0.152434 -159.139954 
73.000000 0.161126 -152.626801 
74.000000 0.154708 -156.721039 
75.000000 0.131837 -159.318176 
76.000000 0.132287 -167.530350 
77.000000 0.137231 -172.844971 
78.000000 0.141765 -179.159943 
79.000000 0.145556 174.074783 
80.000000 0.136874 168.889359 
81.000000 0.122418 176.364700 
82.000000 0.127912 -164.167313 
83.000000 0.131805 -168.999695 
84.000000 0.132298 -177.117798 
85.000000 0.130952 167.512222 
86.000000 0.121289 167.214172 
87.000000 0.115655 170.062744 
88.000000 0.117760 165.691055 
89.000000 0.119643 159.575989 
90.000000 0.120239 152.517334 
91.000000 0.116732 148.575119 
92.000000 0.110905 172.650299 
93.000000 0.109827 179.972076 
94.000000 0.107467 165.776443 
95.000000 0.110088 154.668625 
96.000000 0.111309 148.658646 
97.000000 0.109901 145.756287 
98.000000 0.104537 149.425751 
99.000000 0.102479 144.884811 
100.000000 0.099673 157.875641 
101.000000 0.103832 170.067154 
102.000000 0.103041 164.479767 
103.000000 0.099881 154.273270 
104.000000 0.099393 148.641464 
105.000000 0.098671 146.738983 
106.000000 0.099153 142.374069 
107.000000 0.098554 137.242477 
108.000000 0.095411 128.127441 
109.000000 0.091701 125.575966 
110.000000 0.089004 161.961594 
111.000000 0.092448 167.637436 
112.000000 0.091105 163.125900 
113.000000 0.088744 151.180405 
114.000000 0.088465 134.129761 
115.000000 0.089117 130.765121 
116.000000 0.089431 134.847336 
117.000000 0.088480 130.457596 
118.000000 0.084677 121.967949 
119.000000 0.078292 146.933029 
120.000000 0.080560 155.271698 
121.000000 0.080625 155.982193 
122.000000 0.082207 143.429367 
123.000000 0.085169 130.999313 
124.000000 0.083938 126.140198 
125.000000 0.081583 122.378944 
126.000000 0.080967 118.521553 
127.000000 0.077257 114.503082 
128.000000 0.073683 129.711136 
129.000000 0.076551 158.451080 
130.000000 0.074247 155.366364 
131.000000 0.070855 145.473053 
132.000000 0.073323 122.974716 
133.000000 0.076797 122.220146 
134.000000 0.078300 123.359612 
135.000000 0.077232 120.677315 
136.000000 0.074883 116.260094 
137.000000 0.068431 111.796364 
138.000000 0.062286 114.214531 
139.000000 0.062917 148.278473 
140.000000 0.069326 154.584442 
141.000000 0.070082 128.114410 
142.000000 0.071836 116.167229 
143.000000 0.070316 112.664078 
144.000000 0.069022 111.048027 
145.000000 0.070961 113.115540 
146.000000 0.066772 106.294113 
147.000000 0.057236 126.142136 
148.000000 0.061395 153.003860 
149.000000 0.058988 149.946960 
150.000000 0.057900 135.819519 
151.000000 0.067768 115.505302 
152.000000 0.069086 113.161888 
153.000000 0.067874 111.059029 
154.000000 0.065772 107.903488 
155.000000 0.060258 102.500458 
156.000000 0.055325 98.468903 
157.000000 0.053345 140.033218 
158.000000 0.059204 153.941132 
159.000000 0.057665 152.283478 
160.000000 0.053170 139.809326 
161.000000 0.057424 113.764717 
162.000000 0.060566 105.907272 
163.000000 0.064211 107.688782 
164.000000 0.062751 104.401291 
165.000000 0.055904 96.994812 
166.000000 0.046355 124.337418 
167.000000 0.050947 152.860855 
168.000000 0.051006 150.322189 
169.000000 0.053009 130.735718 
170.000000 0.061239 105.623032 
171.000000 0.061111 103.056038 
172.000000 0.059126 100.915787 
173.000000 0.057119 98.651924 
174.000000 0.052767 95.051659 
175.000000 0.049358 99.836197 
176.000000 0.050916 150.212494 
177.000000 0.050066 153.723572 
178.000000 0.046980 147.574677 
179.000000 0.049137 110.722763 
180.000000 0.056732 100.083054 
181.000000 0.059912 100.729652 
182.000000 0.058893 99.525032 
183.000000 0.057229 97.349594 
184.000000 0.051383 94.440041 
185.000000 0.044732 96.595718 
186.000000 0.039206 119.850342 
187.000000 0.047592 153.206680 
188.000000 0.045618 138.971893 
189.000000 0.052997 100.910927 
190.000000 0.055184 95.517830 
191.000000 0.053551 93.692696 
192.000000 0.053783 93.971367 
193.000000 0.053173 92.830170 
194.000000 0.046267 89.454094 
195.000000 0.039543 139.117279 
196.000000 0.043226 155.659760 
197.000000 0.041294 151.812973 
198.000000 0.043204 112.363899 
199.000000 0.054885 94.762527 
200.000000 0.055466 93.135338 
201.000000 0.053457 91.369232 
202.000000 0.050861 90.812965 
203.000000 0.043159 85.742485 
204.000000 0.037522 97.388458 
205.000000 0.042675 152.261398 
206.000000 0.043740 156.454834 
207.000000 0.040322 151.343964 
208.000000 0.037178 121.615234 
209.000000 0.045373 94.448242 
210.000000 0.050958 90.185242 
211.000000 0.052754 89.389259 
212.000000 0.048413 85.732559 
213.000000 0.040780 86.177765 
214.000000 0.034238 146.107635 
215.000000 0.039026 159.332153 
216.000000 0.039249 153.591614 
217.000000 0.043759 101.134216 
218.000000 0.051486 87.495819 
219.000000 0.050260 86.297539 
220.000000 0.048658 85.025993 
221.000000 0.045969 85.031761 
222.000000 0.041531 82.642792 
223.000000 0.032153 113.648895 
224.000000 0.040265 159.885284 
225.000000 0.038283 158.191910 
226.000000 0.032775 136.536819 
227.000000 0.042315 90.535629 
228.000000 0.049204 84.956406 
229.000000 0.050628 83.569817 
230.000000 0.049753 82.674904 
231.000000 0.047070 82.196518 
232.000000 0.039234 85.051849 
233.000000 0.035580 86.323624 
234.000000 0.032022 145.378128 
235.000000 0.038295 157.219101 
236.000000 0.034136 110.969620 
237.000000 0.044894 83.888489 
238.000000 0.046914 80.934372 
239.000000 0.045979 80.719978 
240.000000 0.047715 79.984589 
241.000000 0.042554 77.434395 
242.000000 0.034686 85.543068 
243.000000 0.033383 157.148621 
244.000000 0.037182 164.763367 
245.000000 0.033859 160.379211 
246.000000 0.035541 96.408676 
247.000000 0.047714 79.036888 
248.000000 0.048288 77.245003 
249.000000 0.046780 77.357162 
250.000000 0.044782 76.506317 
251.000000 0.039390 77.474464 
252.000000 0.028162 102.466095 
253.000000 0.035424 161.964462 
254.000000 0.037144 164.002350 
255.000000 0.032496 155.634537 
256.000000 0.030260 104.216354 
257.000000 0.040976 79.450165 
258.000000 0.046601 75.088623 
259.000000 0.047102 74.621536 
260.000000 0.040924 73.234848 
261.000000 0.033096 82.654320 
262.000000 0.031148 159.462051 
263.000000 0.035580 168.432205 
264.000000 0.033282 163.261169 
265.000000 0.035195 87.733421 
266.000000 0.045910 72.334641 
267.000000 0.045830 71.345673 
268.000000 0.044239 71.073082 
269.000000 0.042956 72.313103 
270.000000 0.038343 72.377678 
271.000000 0.026393 95.259354 
272.000000 0.035884 168.000992 
273.000000 0.034555 167.442017 
274.000000 0.027057 149.219284 
275.000000 0.035018 78.896179 
276.000000 0.042247 71.548508 
277.000000 0.046252 68.587418 
278.000000 0.045888 68.196915 
279.000000 0.044149 69.391006 
280.000000 0.038155 72.315392 
281.000000 0.031797 79.740288 
282.000000 0.029028 156.532089 
283.000000 0.033320 165.881042 
284.000000 0.027769 94.513512 
285.000000 0.041268 68.112228 
286.000000 0.043809 66.968384 
287.000000 0.043497 67.130974 
288.000000 0.044361 65.953247 
289.000000 0.038969 65.536705 
290.000000 0.027092 81.523880 
291.000000 0.035048 172.312485 
292.000000 0.035008 174.453918 
293.000000 0.026980 160.803604 
294.000000 0.037688 70.295441 
295.000000 0.044774 63.267757 
296.000000 0.044449 62.940807 
297.000000 0.044403 62.771049 
298.000000 0.041798 65.214066 
299.000000 0.037039 67.856819 
300.000000 0.022359 106.216476 
301.000000 0.033099 170.154236 
302.000000 0.036162 174.657074 
303.000000 0.032177 171.471954 
304.000000 0.020179 123.427368 
305.000000 0.034023 68.666939 
306.000000 0.042254 60.540298 
307.000000 0.045110 59.104919 
308.000000 0.041161 60.897625 
309.000000 0.033528 68.151093 
310.000000 0.029713 167.205460 
311.000000 0.036005 178.560410 
312.000000 0.032131 172.378937 
313.000000 0.029771 72.252510 
314.000000 0.043045 57.300125 
315.000000 0.042872 56.842388 
316.000000 0.042638 57.166370 
317.000000 0.042372 59.014668 
318.000000 0.037641 62.159168 
319.000000 0.021156 105.201843 
320.000000 0.035066 176.314682 
321.000000 0.035169 179.554779 
322.000000 0.023956 161.907990 
323.000000 0.030206 66.209328 
324.000000 0.040691 55.034893 
325.000000 0.043413 52.463997 
326.000000 0.043919 53.659069 
327.000000 0.042727 54.782162 
328.000000 0.038099 59.118839 
329.000000 0.031471 67.748497 
330.000000 0.027401 162.804062 
331.000000 0.032940 174.633667 
332.000000 0.024243 69.349121 
333.000000 0.039989 52.922077 
334.000000 0.041081 52.233574 
335.000000 0.042512 52.164810 
336.000000 0.043031 51.869152 
337.000000 0.038419 55.701569 
338.000000 0.018886 116.440605 
339.000000 0.038301 -178.858536 
340.000000 0.036277 -178.570526 
341.000000 0.017026 145.489792 
342.000000 0.037065 50.328983 
343.000000 0.042319 46.656448 
344.000000 0.042520 46.653797 
345.000000 0.042646 48.172951 
346.000000 0.040358 50.550430 
347.000000 0.037856 55.158119 
348.000000 0.020103 134.204910 
349.000000 0.037508 176.951920 
350.000000 0.038510 -179.683990 
351.000000 0.032001 175.484283 
352.000000 0.016763 94.839973 
353.000000 0.035216 52.036343 
354.000000 0.040734 45.324501 
355.000000 0.042299 42.089241 
356.000000 0.039962 45.823330 
357.000000 0.028881 56.552738 
358.000000 0.036218 178.865784 
359.000000 0.039800 -179.117599 
360.000000 0.031900 174.611282 
361.000000 0.030125 52.468956 
362.000000 0.039731 43.795742 
363.000000 0.040129 42.774410 
364.000000 0.040300 43.232735 
365.000000 0.040311 43.580868 
366.000000 0.037248 45.632065 
367.000000 0.015440 124.147705 
368.000000 0.038520 177.738495 
369.000000 0.038153 -179.887100 
370.000000 0.022285 160.982407 
371.000000 0.030300 54.342728 
372.000000 0.037758 43.896770 
373.000000 0.039647 39.613739 
374.000000 0.039825 38.530670 
375.000000 0.040172 38.857185 
376.000000 0.035006 45.238132 
377.000000 0.031016 48.120514 
378.000000 0.026340 165.638885 
379.000000 0.035479 175.212936 
380.000000 0.015307 85.088867 
381.000000 0.036097 43.002930 
382.000000 0.039974 40.642807 
383.000000 0.040800 40.612129 
384.000000 0.040261 37.232033 
385.000000 0.037594 38.570377 
386.000000 0.022175 55.900558 
387.000000 0.038123 -179.947021 
388.000000 0.039236 -178.507462 
389.000000 0.026624 172.019424 
390.000000 0.034351 41.929855 
391.000000 0.041133 35.786095 
392.000000 0.040049 34.837570 
393.000000 0.040367 35.534206 
394.000000 0.040093 36.560097 
395.000000 0.037863 39.574478 
396.000000 0.014620 81.825912 
397.000000 0.035544 177.674377 
398.000000 0.038382 -179.781570 
399.000000 0.028604 174.396622 
400.000000 0.017606 50.780933 
401.000000 0.035601 39.091537 
402.000000 0.039591 32.144299 
403.000000 0.040336 30.991261 
404.000000 0.038924 33.885521 
405.000000 0.030105 41.876839 
406.000000 0.031997 179.849258 
407.000000 0.040400 -177.587601 
408.000000 0.034692 178.909134 
409.000000 0.022211 41.841335 
410.000000 0.040905 30.221846 
411.000000 0.041317 30.332850 
412.000000 0.041131 30.178026 
413.000000 0.041595 32.108940 
414.000000 0.038477 32.476227 
415.000000 0.017947 48.995056 
416.000000 0.036514 -179.273468 
417.000000 0.039447 -177.617630 
418.000000 0.028667 177.272125 
419.000000 0.024555 38.582760 
420.000000 0.038921 27.265486 
421.000000 0.039944 24.893084 
422.000000 0.040618 25.754082 
423.000000 0.040359 25.817099 
424.000000 0.038013 29.384352 
425.000000 0.030325 34.515789 
426.000000 0.019056 162.933258 
427.000000 0.035477 -179.705673 
428.000000 0.008713 141.934860 
429.000000 0.034497 25.333233 
430.000000 0.040352 23.890013 
431.000000 0.040783 25.560999 
432.000000 0.040243 24.008266 
433.000000 0.038974 26.501060 
434.000000 0.018006 41.551086 
435.000000 0.040114 -174.623901 
436.000000 0.041877 -174.533401 
437.000000 0.023348 177.073700 
438.000000 0.032661 23.865456 
439.000000 0.038959 22.137918 
440.000000 0.040819 23.049164 
441.000000 0.041528 22.684618 
442.000000 0.042536 25.089909 
443.000000 0.042318 26.962589 
444.000000 0.012338 60.735580 
445.000000 0.036761 179.669556 
446.000000 0.041380 -179.130402 
447.000000 0.031943 177.528198 
448.000000 0.010398 59.075333 
449.000000 0.038174 22.528563 
450.000000 0.040949 19.621428 
451.000000 0.041960 18.514008 
452.000000 0.041473 19.454628 
453.000000 0.025752 27.121431 
454.000000 0.041870 -177.901550 
455.000000 0.043342 -178.689957 
456.000000 0.030202 175.745773 
457.000000 0.030063 16.611309 
458.000000 0.041858 16.342165 
459.000000 0.042713 15.264061 
460.000000 0.043813 16.589664 
461.000000 0.044366 16.557018 
462.000000 0.039872 15.912179 
463.000000 0.005339 105.015610 
464.000000 0.041773 -178.637268 
465.000000 0.041898 -179.203094 
466.000000 0.024989 176.695633 
467.000000 0.028951 17.261133 
468.000000 0.041634 11.772484 
469.000000 0.041693 10.809327 
470.000000 0.042280 11.201015 
471.000000 0.042761 11.356619 
472.000000 0.038770 11.470206 
473.000000 0.035030 13.336235 
474.000000 0.017115 174.041138 
475.000000 0.037232 179.712341 
476.000000 0.006926 154.668076 
477.000000 0.036075 10.082232 
478.000000 0.043626 8.101169 
479.000000 0.044826 8.487521 
480.000000 0.043474 7.129726 
481.000000 0.041058 7.166767 
482.000000 0.032002 10.526634 
483.000000 0.035895 -179.934967 
484.000000 0.042634 -179.593063 
485.000000 0.034513 -179.890656 
486.000000 0.027271 5.941143 
487.000000 0.041724 4.062583 
488.000000 0.042797 3.806291 
489.000000 0.042995 4.250023 
490.000000 0.043483 4.341699 
491.000000 0.044225 3.911515 
492.000000 0.029047 4.017871 
493.000000 0.029195 178.979019 
494.000000 0.040154 -179.489944 
495.000000 0.038841 -179.574677 
496.000000 0.012746 178.860992 
497.000000 0.028693 1.576814 
498.000000 0.042182 0.672531 
499.000000 0.041922 -0.228079 
500.000000 0.018789 1.586467 
