1.000000 0.792940 -34.076565 
2.000000 0.528176 -55.097473 
3.000000 0.374213 -67.270828 
4.000000 0.286937 -70.021637 
5.000000 0.230452 -74.943237 
6.000000 0.193679 -75.640450 
7.000000 0.167598 -73.884636 
8.000000 0.152675 -72.464287 
9.000000 0.141041 -73.425247 
10.000000 0.131772 -75.670639 
11.000000 0.119795 -76.622131 
12.000000 0.110567 -75.003693 
13.000000 0.107853 -74.077606 
14.000000 0.106603 -76.983604 
15.000000 0.106476 -78.318115 
16.000000 0.103877 -80.529533 
17.000000 0.101012 -77.485184 
18.000000 0.097347 -77.256119 
19.000000 0.094291 -77.959633 
20.000000 0.090766 -81.480400 
21.000000 0.087549 -83.217354 
22.000000 0.085723 -84.262520 
23.000000 0.084353 -84.620071 
24.000000 0.083432 -85.260788 
25.000000 0.084759 -86.424240 
26.000000 0.084125 -89.776283 
27.000000 0.083045 -84.588676 
28.000000 0.085165 -83.850548 
29.000000 0.086284 -85.063828 
30.000000 0.085203 -86.488464 
