1.000000 0.796129 -34.127342 
2.000000 0.532390 -55.025379 
3.000000 0.378011 -67.213585 
4.000000 0.291751 -69.330513 
5.000000 0.237633 -74.078415 
6.000000 0.201710 -75.427391 
7.000000 0.175830 -74.737625 
8.000000 0.156350 -77.840538 
9.000000 0.141204 -78.763992 
10.000000 0.129489 -79.649414 
11.000000 0.120284 -80.472214 
12.000000 0.113226 -81.712662 
13.000000 0.106683 -82.372993 
14.000000 0.100961 -80.639824 
15.000000 0.096202 -81.413246 
16.000000 0.091793 -81.509590 
17.000000 0.087271 -81.788589 
18.000000 0.081820 -82.058182 
19.000000 0.076637 -83.419785 
20.000000 0.070722 -85.492714 
21.000000 0.063651 -83.612427 
22.000000 0.059114 -67.491455 
23.000000 0.101977 -60.382942 
24.000000 0.105621 -71.414955 
25.000000 0.101544 -80.041077 
26.000000 0.093886 -85.888916 
27.000000 0.088012 -89.110390 
28.000000 0.085266 -91.019669 
29.000000 0.083739 -91.732109 
30.000000 0.082782 -92.674347 
