1.000000 1.027002 -0.497657 
2.000000 1.108510 -2.310374 
3.000000 1.231462 -6.761273 
4.000000 1.363403 -13.015705 
5.000000 1.535893 -22.914761 
6.000000 1.640251 -36.137745 
7.000000 1.729658 -51.918713 
8.000000 1.727418 -70.810600 
9.000000 1.557122 -91.659340 
10.000000 1.213622 -108.677971 
11.000000 0.938330 -128.095123 
12.000000 0.681972 -153.266449 
13.000000 0.466524 -174.859695 
14.000000 0.297822 138.084167 
15.000000 0.355443 71.920937 
16.000000 0.449400 43.619938 
17.000000 0.490771 28.493122 
18.000000 0.542280 23.153225 
19.000000 0.618897 17.802382 
20.000000 0.605028 13.811486 
21.000000 0.638945 10.708436 
22.000000 0.675841 8.081524 
23.000000 0.692545 5.860161 
24.000000 0.682903 3.545740 
25.000000 0.698651 1.593440 
26.000000 0.713937 -1.000203 
27.000000 0.731571 -2.927188 
28.000000 0.739519 -4.667778 
29.000000 0.747801 -6.446496 
30.000000 0.752208 -8.197847 
31.000000 0.751774 -9.967179 
32.000000 0.749580 -11.306529 
33.000000 0.733417 -13.285211 
34.000000 0.748381 -14.475420 
35.000000 0.723289 -16.297018 
36.000000 0.735951 -17.386580 
37.000000 0.739538 -18.469479 
38.000000 0.728027 -20.318611 
39.000000 0.726290 -21.232676 
40.000000 0.721395 -23.060865 
41.000000 0.726360 -23.738050 
42.000000 0.720719 -25.168335 
43.000000 0.717605 -25.941532 
44.000000 0.713346 -27.575018 
45.000000 0.700921 -28.314636 
46.000000 0.699808 -28.888395 
47.000000 0.684128 -30.537817 
48.000000 0.680238 -31.399366 
49.000000 0.674912 -32.711349 
50.000000 0.676984 -33.359543 
