1.000000 0.757356 -1.654806 
2.000000 0.713228 -3.356228 
3.000000 0.712331 -4.999420 
4.000000 0.710623 -6.713971 
5.000000 0.707160 -8.395290 
6.000000 0.704877 -10.071228 
7.000000 0.700864 -11.748576 
8.000000 0.695599 -13.332365 
9.000000 0.699974 -15.025821 
10.000000 0.685400 -16.706182 
11.000000 0.673445 -18.002623 
12.000000 0.690887 -20.424616 
13.000000 0.685295 -22.099901 
14.000000 0.665810 -22.547779 
15.000000 0.654059 -23.754673 
16.000000 0.640520 -25.504929 
17.000000 0.638195 -26.397757 
18.000000 0.623080 -27.890272 
19.000000 0.620800 -28.798506 
20.000000 0.606346 -30.226032 
21.000000 0.590049 -30.961063 
22.000000 0.575306 -31.098347 
23.000000 0.568658 -32.710442 
24.000000 0.562369 -34.341228 
25.000000 0.549150 -36.735981 
26.000000 0.542796 -35.424911 
27.000000 0.540228 -37.252434 
28.000000 0.532770 -37.751877 
29.000000 0.523403 -38.976749 
30.000000 0.514679 -39.706615 
