1.000000 1.027279 -0.477566 
2.000000 1.107493 -2.437777 
3.000000 1.217485 -7.009889 
4.000000 1.326748 -12.906223 
5.000000 1.458565 -21.637550 
6.000000 1.565027 -36.235020 
7.000000 1.588031 -56.644394 
8.000000 1.453761 -74.977341 
9.000000 1.275370 -95.686562 
10.000000 1.094868 -104.455399 
11.000000 0.927905 -120.112251 
12.000000 0.770956 -125.974182 
13.000000 0.654826 -135.589676 
14.000000 0.541694 -145.768555 
15.000000 0.459999 -154.508957 
16.000000 0.395411 -164.577301 
17.000000 0.331007 -176.567215 
18.000000 0.273817 170.768631 
19.000000 0.233808 146.827499 
20.000000 0.227113 120.066391 
21.000000 0.275023 92.515167 
22.000000 0.339100 69.002159 
23.000000 0.383507 50.336956 
24.000000 0.494040 37.347961 
25.000000 0.518348 27.355478 
26.000000 0.591666 21.482822 
27.000000 0.589034 16.432888 
28.000000 0.638824 13.180152 
29.000000 0.653289 9.970072 
30.000000 0.632329 6.811312 
31.000000 0.672889 4.523028 
32.000000 0.672528 2.129867 
33.000000 0.687264 -0.142618 
34.000000 0.693067 -2.004332 
35.000000 0.672436 -4.334621 
36.000000 0.693476 -6.386776 
37.000000 0.698493 -8.146995 
38.000000 0.689188 -10.612020 
39.000000 0.684054 -12.449600 
40.000000 0.695973 -13.787661 
41.000000 0.694070 -15.704636 
42.000000 0.672867 -17.421543 
43.000000 0.681792 -19.175144 
44.000000 0.681661 -20.435482 
45.000000 0.675646 -22.204340 
46.000000 0.670441 -23.806013 
47.000000 0.663085 -25.112988 
48.000000 0.659217 -26.501450 
49.000000 0.652541 -27.820534 
50.000000 0.648077 -29.076036 
